<?xml version="1.0" encoding="UTF-8" ?>
<testsuite tests="1" failures="1" name="mx.unam.fi.bde.geometria.moro.pruebas.AreaPoligonoMonotonoTestCase" time="0.048" errors="0" skipped="0">
  <properties>
[...]
</properties>
  <testcase classname="mx.unam.fi.bde.geometria.moro.pruebas.AreaPoligonoMonotonoTestCase" name="areaPoligono" time="0.048">
    <failure message="expected:&lt;110.0&gt; but was:&lt;11.5&gt;" type="java.lang.AssertionError">java.lang.AssertionError: expected:&lt;110.0&gt; but was:&lt;11.5&gt;
	at org.junit.Assert.fail(Assert.java:88)
	at org.junit.Assert.failNotEquals(Assert.java:743)
	at org.junit.Assert.assertEquals(Assert.java:118)
	at org.junit.Assert.assertEquals(Assert.java:144)
	at mx.unam.fi.bde.geometria.moro.pruebas.AreaPoligonoMonotonoTestCase.areaPoligono(AreaPoligonoMonotonoTestCase.java:87)
	at java.base/jdk.internal.reflect.NativeMethodAccessorImpl.invoke0(Native Method)
	at java.base/jdk.internal.reflect.NativeMethodAccessorImpl.invoke(NativeMethodAccessorImpl.java:62)
	at java.base/jdk.internal.reflect.DelegatingMethodAccessorImpl.invoke(DelegatingMethodAccessorImpl.java:43)
	at java.base/java.lang.reflect.Method.invoke(Method.java:564)
	at org.junit.runners.model.FrameworkMethod$1.runReflectiveCall(FrameworkMethod.java:47)
	at org.junit.internal.runners.model.ReflectiveCallable.run(ReflectiveCallable.java:12)
	at org.junit.runners.model.FrameworkMethod.invokeExplosively(FrameworkMethod.java:44)
	at org.junit.internal.runners.statements.InvokeMethod.evaluate(InvokeMethod.java:17)
	at org.junit.internal.runners.statements.RunBefores.evaluate(RunBefores.java:26)
	at org.junit.runners.ParentRunner.runLeaf(ParentRunner.java:271)
	at org.junit.runners.BlockJUnit4ClassRunner.runChild(BlockJUnit4ClassRunner.java:70)
	at org.junit.runners.BlockJUnit4ClassRunner.runChild(BlockJUnit4ClassRunner.java:50)
	at org.junit.runners.ParentRunner$3.run(ParentRunner.java:238)
	at org.junit.runners.ParentRunner$1.schedule(ParentRunner.java:63)
	at org.junit.runners.ParentRunner.runChildren(ParentRunner.java:236)
	at org.junit.runners.ParentRunner.access$000(ParentRunner.java:53)
	at org.junit.runners.ParentRunner$2.evaluate(ParentRunner.java:229)
	at org.junit.runners.ParentRunner.run(ParentRunner.java:309)
	at org.apache.maven.surefire.junit4.JUnit4Provider.execute(JUnit4Provider.java:252)
	at org.apache.maven.surefire.junit4.JUnit4Provider.executeTestSet(JUnit4Provider.java:141)
	at org.apache.maven.surefire.junit4.JUnit4Provider.invoke(JUnit4Provider.java:112)
	at java.base/jdk.internal.reflect.NativeMethodAccessorImpl.invoke0(Native Method)
	at java.base/jdk.internal.reflect.NativeMethodAccessorImpl.invoke(NativeMethodAccessorImpl.java:62)
	at java.base/jdk.internal.reflect.DelegatingMethodAccessorImpl.invoke(DelegatingMethodAccessorImpl.java:43)
	at java.base/java.lang.reflect.Method.invoke(Method.java:564)
	at org.apache.maven.surefire.util.ReflectionUtils.invokeMethodWithArray(ReflectionUtils.java:189)
	at org.apache.maven.surefire.booter.ProviderFactory$ProviderProxy.invoke(ProviderFactory.java:165)
	at org.apache.maven.surefire.booter.ProviderFactory.invokeProvider(ProviderFactory.java:85)
	at org.apache.maven.surefire.booter.ForkedBooter.runSuitesInProcess(ForkedBooter.java:115)
	at org.apache.maven.surefire.booter.ForkedBooter.main(ForkedBooter.java:75)
</failure>
    <system-out>(16.0,1.0,i=0)
(14.0,7.0,i=1)
(13.0,7.0,i=2)
(12.0,4.0,i=3)
(11.0,3.0,i=4)
(9.0,2.0,i=5)
(7.0,7.0,i=6)
(5.0,7.0,i=7)
(3.0,6.0,i=8)
(1.0,4.0,i=9)
(3.0,5.0,i=10)
(5.0,5.0,i=11)
(7.0,3.0,i=12)
(8.0,1.0,i=13)
Rolen POCKS
(1.0,4.0,i=9)
(3.0,5.0,i=10)
(3.0,6.0,i=8)
(5.0,5.0,i=11)
(5.0,7.0,i=7)
(7.0,3.0,i=12)
(7.0,7.0,i=6)
(8.0,1.0,i=13)
(9.0,2.0,i=5)
(11.0,3.0,i=4)
(12.0,4.0,i=3)
(13.0,7.0,i=2)
(14.0,7.0,i=1)
(16.0,1.0,i=0)
</system-out>
  </testcase>
</testsuite>